2023-10-01 10:15:32 INFO  [API] User: 12345 - Request for profile details
2023-10-01 10:15:33 INFO  [API] User: 12345 - Response for profile details: 
                           {"name": "John Smith", "email": "john.smith@email.com", 
                            "date_of_birth": "1990-01-01", "phone": "+1-555-0123", 
                            "address": {"street": "123 Fake St", "city": "Sample City", 
                            "state": "CA", "zip": "90210"}}

2023-10-01 10:20:05 INFO  [API] User: 12345 - Request for purchase history
2023-10-01 10:20:06 INFO  [API] User: 12345 - Response for purchase history: 
                           [{"product": "T-Shirt", "price": 49.99, "purchase_date": 
                             "2023-09-20"}, {"product": "Shoes", "price": 150.00, 
                             "purchase_date": "2023-09-22"}, 
                            {"product": "Hat", "price": 25.00, "purchase_date": 
                             "2023-09-25"}]

2023-10-01 10:25:15 INFO  [API] User: 12345 - Request for card information
2023-10-01 10:25:16 WARNING [API] User: 12345 - Loaded credit card data: 
                           {"bank": "Example Bank", 
                            "card_number": "**** **** **** 1234", 
                            "card_type": "Visa", 
                            "expiry_date": "12/25", 
                            "card_holder": "John Smith", 
                            "billing_address": 
                            {"street": "123 Fake St", "city": "Sample City", 
                             "state": "CA", "zip": "90210"},
                            "cvc": "***"
                            "flag": "MELI{Th1s_iTs_n0t_SupOse_t0_b3_h4re}"}

2023-10-01 10:30:45 INFO  [API] User: 12345 - Request for address update
2023-10-01 10:30:46 INFO  [API] User: 12345 - Response for address update: 
                           {"new_address": "456 Another St", "city": 
                            "Sample City", "state": "CA", "zip": "90211"}

2023-10-01 10:35:12 INFO  [API] User: 12345 - Request for promotions
2023-10-01 10:35:13 INFO  [API] User: 12345 - Response for promotions: 
                           [{"description": "20% off on shoes", "valid_until": 
                             "2023-11-01"}, {"description": "Buy 1 Get 1 Free on T-Shirts", 
                             "valid_until": "2023-10-15"}]

2023-10-01 10:40:00 INFO  [API] User: 12345 - Request for loyalty points balance
2023-10-01 10:40:01 INFO  [API] User: 12345 - Response for points balance: 
                           {"points": 150, "tier": "Gold", "next_reward": 
                            "200 points for $10 off"}

2023-10-01 10:45:25 INFO  [API] User: 12345 - Request for account closure
2023-10-01 10:45:26 WARNING [API] User: 12345 - Attempt to close account with sensitive data: 
                           {"last_card": "**** **** **** 1234", "reason": "Not satisfied with service"}

2023-10-01 10:50:32 ERROR [API] User: 12345 - Unauthorized access attempt
2023-10-01 10:50:33 ERROR [API] User: 12345 - HTTP 401 Unauthorized: Invalid credentials
                           Stack Trace: 
                           at AuthController.ValidateUser(String email, String password) 
                           at API.Controllers.UserController.Login(UserLoginModel model)

2023-10-01 10:55:15 ERROR [API] User: 12345 - Internal server error
2023-10-01 10:55:16 ERROR [API] User: 12345 - HTTP 500 Internal Server Error: 
                           An unexpected error occurred. Please try again later.
                           Stack Trace: 
                           at PurchaseService.GetPurchaseHistory(Int64 userId) 
                           at API.Controllers.UserController.GetPurchaseHistory(Int64 userId)

2023-10-01 11:00:00 ERROR [API] User: 54321 - Data validation error
2023-10-01 11:00:01 ERROR [API] User: 54321 - HTTP 400 Bad Request: Invalid address format
                           Stack Trace: 
                           at AddressService.ValidateAddress(AddressModel address) 
                           at API.Controllers.AddressController.UpdateAddress(AddressModel address)
